c:\users\zqx\desktop\uml\library\library\x64\debug\vc140.pdb
c:\users\zqx\desktop\uml\library\library\x64\debug\moc_library.obj
c:\users\zqx\desktop\uml\library\library\x64\debug\moc_admin_userupdate.obj
c:\users\zqx\desktop\uml\library\library\x64\debug\moc_admin_updatepassword.obj
c:\users\zqx\desktop\uml\library\library\x64\debug\moc_admin_searchuser.obj
c:\users\zqx\desktop\uml\library\library\x64\debug\moc_admin_searchbook.obj
c:\users\zqx\desktop\uml\library\library\x64\debug\moc_admin_index.obj
c:\users\zqx\desktop\uml\library\library\x64\debug\moc_admin_classify.obj
c:\users\zqx\desktop\uml\library\library\x64\debug\moc_admin_bookupdate.obj
c:\users\zqx\desktop\uml\library\library\x64\debug\moc_admin_adduser.obj
c:\users\zqx\desktop\uml\library\library\x64\debug\moc_admin_addbook.obj
c:\users\zqx\desktop\uml\library\library\x64\debug\bookconfig.obj
c:\users\zqx\desktop\uml\library\library\x64\debug\admin_userupdate.obj
c:\users\zqx\desktop\uml\library\library\x64\debug\admin_updatepassword.obj
c:\users\zqx\desktop\uml\library\library\x64\debug\admin_searchuser.obj
c:\users\zqx\desktop\uml\library\library\x64\debug\admin_searchbook.obj
c:\users\zqx\desktop\uml\library\library\x64\debug\admin_index.obj
c:\users\zqx\desktop\uml\library\library\x64\debug\admin_classify.obj
c:\users\zqx\desktop\uml\library\library\x64\debug\admin_bookupdate.obj
c:\users\zqx\desktop\uml\library\library\x64\debug\admin_adduser.obj
c:\users\zqx\desktop\uml\library\library\x64\debug\admin_addbook.obj
c:\users\zqx\desktop\uml\library\library\x64\debug\student_repay.obj
c:\users\zqx\desktop\uml\library\library\x64\debug\student_order.obj
c:\users\zqx\desktop\uml\library\library\x64\debug\student_index.obj
c:\users\zqx\desktop\uml\library\library\x64\debug\student_borrowdetail.obj
c:\users\zqx\desktop\uml\library\library\x64\debug\student_borrow.obj
c:\users\zqx\desktop\uml\library\library\x64\debug\student_bookdetail.obj
c:\users\zqx\desktop\uml\library\library\x64\debug\library.obj
c:\users\zqx\desktop\uml\library\library\x64\debug\moc_test.obj
c:\users\zqx\desktop\uml\library\library\x64\debug\moc_student_updatepassword.obj
c:\users\zqx\desktop\uml\library\library\x64\debug\moc_student_update.obj
c:\users\zqx\desktop\uml\library\library\x64\debug\moc_student_searchbook.obj
c:\users\zqx\desktop\uml\library\library\x64\debug\moc_student_repay.obj
c:\users\zqx\desktop\uml\library\library\x64\debug\moc_student_order.obj
c:\users\zqx\desktop\uml\library\library\x64\debug\moc_student_index.obj
c:\users\zqx\desktop\uml\library\library\x64\debug\moc_student_borrowdetail.obj
c:\users\zqx\desktop\uml\library\library\x64\debug\moc_student_borrow.obj
c:\users\zqx\desktop\uml\library\library\x64\debug\moc_student_bookdetail.obj
c:\users\zqx\desktop\uml\library\library\x64\debug\userconfig.obj
c:\users\zqx\desktop\uml\library\library\x64\debug\test.obj
c:\users\zqx\desktop\uml\library\library\x64\debug\student_updatepassword.obj
c:\users\zqx\desktop\uml\library\library\x64\debug\student_update.obj
c:\users\zqx\desktop\uml\library\library\x64\debug\student_searchbook.obj
c:\users\zqx\desktop\uml\library\library\x64\debug\qrc_library.obj
c:\users\zqx\desktop\uml\library\library\x64\debug\student_classify.obj
c:\users\zqx\desktop\uml\library\library\x64\debug\main.obj
c:\users\zqx\desktop\uml\library\library\x64\debug\moc_student_classify.obj
c:\users\zqx\desktop\uml\library\library\x64\debug\classifyconfig.obj
c:\users\zqx\desktop\uml\library\library\x64\debug\recommendbuffer.obj
c:\users\zqx\desktop\uml\library\library\x64\debug\moc_thread.obj
c:\users\zqx\desktop\uml\library\library\x64\debug\thread.obj
c:\users\zqx\desktop\uml\library\library\x64\debug\moc_recommendbuffer.obj
c:\users\zqx\desktop\uml\library\library\generatedfiles\debug\moc_library.cpp
c:\users\zqx\desktop\uml\library\library\generatedfiles\ui_library.h
c:\users\zqx\desktop\uml\library\library\generatedfiles\debug\moc_admin_index.cpp
c:\users\zqx\desktop\uml\library\library\generatedfiles\debug\moc_admin_updatepassword.cpp
c:\users\zqx\desktop\uml\library\library\generatedfiles\debug\moc_admin_searchuser.cpp
c:\users\zqx\desktop\uml\library\library\generatedfiles\debug\moc_admin_searchbook.cpp
c:\users\zqx\desktop\uml\library\library\generatedfiles\debug\moc_admin_userupdate.cpp
c:\users\zqx\desktop\uml\library\library\generatedfiles\debug\moc_admin_adduser.cpp
c:\users\zqx\desktop\uml\library\library\generatedfiles\debug\moc_admin_bookupdate.cpp
c:\users\zqx\desktop\uml\library\library\generatedfiles\debug\moc_admin_addbook.cpp
c:\users\zqx\desktop\uml\library\library\generatedfiles\debug\moc_admin_classify.cpp
c:\users\zqx\desktop\uml\library\library\generatedfiles\debug\moc_student_update.cpp
c:\users\zqx\desktop\uml\library\library\generatedfiles\debug\moc_student_updatepassword.cpp
c:\users\zqx\desktop\uml\library\library\generatedfiles\debug\moc_student_borrowdetail.cpp
c:\users\zqx\desktop\uml\library\library\generatedfiles\debug\moc_student_repay.cpp
c:\users\zqx\desktop\uml\library\library\generatedfiles\debug\moc_student_order.cpp
c:\users\zqx\desktop\uml\library\library\generatedfiles\debug\moc_test.cpp
c:\users\zqx\desktop\uml\library\library\generatedfiles\debug\moc_student_bookdetail.cpp
c:\users\zqx\desktop\uml\library\library\generatedfiles\debug\moc_student_borrow.cpp
c:\users\zqx\desktop\uml\library\library\generatedfiles\qrc_library.cpp
c:\users\zqx\desktop\uml\library\library\generatedfiles\ui_student_borrow.h
c:\users\zqx\desktop\uml\library\library\generatedfiles\ui_student_bookdetail.h
c:\users\zqx\desktop\uml\library\library\generatedfiles\ui_test.h
c:\users\zqx\desktop\uml\library\library\generatedfiles\ui_student_update.h
c:\users\zqx\desktop\uml\library\library\generatedfiles\ui_student_updatepassword.h
c:\users\zqx\desktop\uml\library\library\generatedfiles\ui_student_borrowdetail.h
c:\users\zqx\desktop\uml\library\library\generatedfiles\ui_admin_index.h
c:\users\zqx\desktop\uml\library\library\generatedfiles\ui_admin_updatepassword.h
c:\users\zqx\desktop\uml\library\library\generatedfiles\ui_admin_searchuser.h
c:\users\zqx\desktop\uml\library\library\generatedfiles\ui_admin_searchbook.h
c:\users\zqx\desktop\uml\library\library\generatedfiles\ui_admin_userupdate.h
c:\users\zqx\desktop\uml\library\library\generatedfiles\ui_admin_adduser.h
c:\users\zqx\desktop\uml\library\library\generatedfiles\ui_admin_bookupdate.h
c:\users\zqx\desktop\uml\library\library\generatedfiles\ui_admin_addbook.h
c:\users\zqx\desktop\uml\library\library\generatedfiles\ui_admin_classify.h
c:\users\zqx\desktop\uml\library\library\generatedfiles\ui_student_repay.h
c:\users\zqx\desktop\uml\library\library\generatedfiles\ui_student_order.h
c:\users\zqx\desktop\uml\library\library\generatedfiles\ui_student_classify.h
c:\users\zqx\desktop\uml\library\library\generatedfiles\debug\moc_student_searchbook.cpp
c:\users\zqx\desktop\uml\library\library\generatedfiles\debug\moc_student_classify.cpp
c:\users\zqx\desktop\uml\library\library\generatedfiles\ui_student_index.h
c:\users\zqx\desktop\uml\library\library\generatedfiles\ui_student_searchbook.h
c:\users\zqx\desktop\uml\library\library\generatedfiles\debug\moc_thread.cpp
c:\users\zqx\desktop\uml\library\library\generatedfiles\debug\moc_student_index.cpp
c:\users\zqx\desktop\uml\library\x64\debug\library.ilk
c:\users\zqx\desktop\uml\library\x64\debug\library.exe
c:\users\zqx\desktop\uml\library\x64\debug\library.pdb
c:\users\zqx\desktop\uml\library\library\x64\debug\library.tlog\cl.command.1.tlog
c:\users\zqx\desktop\uml\library\library\x64\debug\library.tlog\cl.read.1.tlog
c:\users\zqx\desktop\uml\library\library\x64\debug\library.tlog\cl.write.1.tlog
c:\users\zqx\desktop\uml\library\library\x64\debug\library.tlog\custombuild.command.1.tlog
c:\users\zqx\desktop\uml\library\library\x64\debug\library.tlog\custombuild.read.1.tlog
c:\users\zqx\desktop\uml\library\library\x64\debug\library.tlog\custombuild.write.1.tlog
c:\users\zqx\desktop\uml\library\library\x64\debug\library.tlog\link.command.1.tlog
c:\users\zqx\desktop\uml\library\library\x64\debug\library.tlog\link.read.1.tlog
c:\users\zqx\desktop\uml\library\library\x64\debug\library.tlog\link.write.1.tlog
