  Uic'ing admin_searchuser.ui...
  Uic'ing admin_classify.ui...
  Uic'ing admin_classifyshow.ui...
  Uic'ing admin_studentclassify.ui...
  Uic'ing admin_addclassify.ui...
  moc_admin_addclassify.cpp
  moc_admin_classify.cpp
  moc_admin_classifyshow.cpp
  moc_admin_searchuser.cpp
  moc_admin_studentclassify.cpp
  admin_addbook.cpp
  admin_addclassify.cpp
  admin_adduser.cpp
  admin_classify.cpp
e:\课件&习题\uml\library\library\filedb.h(193): warning C4806: “!=”: 不安全操作: 从类型“bool”提升到类型“int”的值不能等于给定的常量
  admin_classify.cpp(182): note: 参见对正在编译的函数 模板 实例化“int FileDB::selectLike<Classify>(std::string,std::string,char *,std::vector<Classify,std::allocator<_Ty>> &)”的引用
          with
          [
              _Ty=Classify
          ]
  admin_classifyshow.cpp
  admin_index.cpp
  admin_searchbook.cpp
e:\课件&习题\uml\library\library\filedb.h(193): warning C4806: “!=”: 不安全操作: 从类型“bool”提升到类型“int”的值不能等于给定的常量
  admin_searchbook.cpp(218): note: 参见对正在编译的函数 模板 实例化“int FileDB::selectLike<Book>(std::string,std::string,char *,std::vector<Book,std::allocator<_Ty>> &)”的引用
          with
          [
              _Ty=Book
          ]
  admin_searchuser.cpp
e:\课件&习题\uml\library\library\filedb.h(193): warning C4806: “!=”: 不安全操作: 从类型“bool”提升到类型“int”的值不能等于给定的常量
  admin_searchuser.cpp(206): note: 参见对正在编译的函数 模板 实例化“int FileDB::selectLike<Student>(std::string,std::string,char *,std::vector<Student,std::allocator<_Ty>> &)”的引用
          with
          [
              _Ty=Student
          ]
  admin_studentclassify.cpp
  admin_updatepassword.cpp
  正在生成代码...
  Library.vcxproj -> E:\课件&习题\UML\Library\x64\Debug\Library.exe
  Library.vcxproj -> E:\课件&习题\UML\Library\x64\Debug\Library.pdb (Full PDB)
